{"C:\\Users\\nicol\\Desktop\\exo tests\\class-test-master\\class-test-master\\minigame.js": {"path":"C:\\Users\\nicol\\Desktop\\exo tests\\class-test-master\\class-test-master\\minigame.js","statementMap":{"0":{"start":{"line":3,"column":8},"end":{"line":3,"column":24}},"1":{"start":{"line":4,"column":8},"end":{"line":4,"column":28}},"2":{"start":{"line":5,"column":8},"end":{"line":5,"column":26}},"3":{"start":{"line":6,"column":8},"end":{"line":6,"column":25}},"4":{"start":{"line":11,"column":7},"end":{"line":11,"column":19}},"5":{"start":{"line":12,"column":8},"end":{"line":12,"column":67}},"6":{"start":{"line":13,"column":8},"end":{"line":15,"column":9}},"7":{"start":{"line":14,"column":12},"end":{"line":14,"column":40}},"8":{"start":{"line":16,"column":8},"end":{"line":18,"column":9}},"9":{"start":{"line":17,"column":12},"end":{"line":17,"column":18}},"10":{"start":{"line":22,"column":22},"end":{"line":22,"column":50}},"11":{"start":{"line":23,"column":23},"end":{"line":23,"column":55}},"12":{"start":{"line":28,"column":4},"end":{"line":28,"column":33}},"13":{"start":{"line":29,"column":4},"end":{"line":29,"column":33}},"14":{"start":{"line":31,"column":4},"end":{"line":35,"column":45}},"15":{"start":{"line":33,"column":4},"end":{"line":33,"column":59}},"16":{"start":{"line":35,"column":9},"end":{"line":35,"column":44}},"17":{"start":{"line":40,"column":0},"end":{"line":40,"column":35}},"18":{"start":{"line":43,"column":0},"end":{"line":43,"column":40}}},"fnMap":{"0":{"name":"(anonymous_0)","decl":{"start":{"line":2,"column":4},"end":{"line":2,"column":5}},"loc":{"start":{"line":2,"column":36},"end":{"line":7,"column":5}},"line":2},"1":{"name":"(anonymous_1)","decl":{"start":{"line":9,"column":4},"end":{"line":9,"column":5}},"loc":{"start":{"line":9,"column":27},"end":{"line":19,"column":5}},"line":9},"2":{"name":"mortalKombat","decl":{"start":{"line":26,"column":9},"end":{"line":26,"column":21}},"loc":{"start":{"line":26,"column":45},"end":{"line":39,"column":1}},"line":26}},"branchMap":{"0":{"loc":{"start":{"line":13,"column":8},"end":{"line":15,"column":9}},"type":"if","locations":[{"start":{"line":13,"column":8},"end":{"line":15,"column":9}},{"start":{},"end":{}}],"line":13},"1":{"loc":{"start":{"line":16,"column":8},"end":{"line":18,"column":9}},"type":"if","locations":[{"start":{"line":16,"column":8},"end":{"line":18,"column":9}},{"start":{},"end":{}}],"line":16},"2":{"loc":{"start":{"line":31,"column":4},"end":{"line":35,"column":45}},"type":"if","locations":[{"start":{"line":31,"column":4},"end":{"line":35,"column":45}},{"start":{"line":35,"column":8},"end":{"line":35,"column":45}}],"line":31},"3":{"loc":{"start":{"line":31,"column":8},"end":{"line":31,"column":45}},"type":"binary-expr","locations":[{"start":{"line":31,"column":8},"end":{"line":31,"column":24}},{"start":{"line":31,"column":28},"end":{"line":31,"column":45}}],"line":31}},"s":{"0":12,"1":12,"2":12,"3":12,"4":104,"5":104,"6":104,"7":3,"8":104,"9":3,"10":1,"11":1,"12":50,"13":50,"14":50,"15":2,"16":48,"17":1,"18":1},"f":{"0":12,"1":104,"2":50},"b":{"0":[3,101],"1":[3,101],"2":[2,48],"3":[50,49]},"_coverageSchema":"1a1c01bbd47fc00a2c39e90264f33305004495a9","hash":"a29d078399b64b433cc9a364420c827da1c585c9"}
}
